<?xml version="1.0" encoding="UTF-8"?>
<testng-results skipped="0" failed="0" ignored="0" total="1" passed="1">
  <reporter-output>
  </reporter-output>
  <suite name="Default suite" duration-ms="38233" started-at="2019-02-13T09:10:39Z" finished-at="2019-02-13T09:11:17Z">
    <groups>
    </groups>
    <test name="Default test" duration-ms="38233" started-at="2019-02-13T09:10:39Z" finished-at="2019-02-13T09:11:17Z">
      <class name="executionEngine.DriverScript">
        <test-method status="PASS" signature="test1()[pri:0, instance:executionEngine.DriverScript@5e5792a0]" name="test1" duration-ms="38191" started-at="2019-02-13T09:10:39Z" finished-at="2019-02-13T09:11:17Z">
          <reporter-output>
          </reporter-output>
        </test-method> <!-- test1 -->
      </class> <!-- executionEngine.DriverScript -->
    </test> <!-- Default test -->
  </suite> <!-- Default suite -->
</testng-results>
